<?xml version="1.0" encoding="UTF-8"?>
<!-- Generated by org.testng.reporters.JUnitReportReporter -->
<testsuite skipped="0" hostname="DESKTOP-IHDR367" name="com.testNgParameterTest.TestNGParameter" tests="1" failures="0" timestamp="17 Aug 2018 12:50:02 GMT" time="12.465" errors="0">
  <testcase name="yahooLogin" time="12.465" classname="com.testNgParameterTest.TestNGParameter"/>
</testsuite> <!-- com.testNgParameterTest.TestNGParameter -->
